[INFO] [2018-11-01 12:50:12][org.springframework.context.support.ClassPathXmlApplicationContext]Refreshing org.springframework.context.support.ClassPathXmlApplicationContext@7cdbc5d3: startup date [Thu Nov 01 12:50:12 CST 2018]; root of context hierarchy
[INFO] [2018-11-01 12:50:12][org.springframework.beans.factory.xml.XmlBeanDefinitionReader]Loading XML bean definitions from class path resource [applicationContext.xml]
[INFO] [2018-11-01 12:51:22][org.springframework.context.support.ClassPathXmlApplicationContext]Refreshing org.springframework.context.support.ClassPathXmlApplicationContext@7cdbc5d3: startup date [Thu Nov 01 12:51:22 CST 2018]; root of context hierarchy
[INFO] [2018-11-01 12:51:22][org.springframework.beans.factory.xml.XmlBeanDefinitionReader]Loading XML bean definitions from class path resource [spring-mybatis.xml]
[INFO] [2018-11-01 12:53:09][org.springframework.context.support.ClassPathXmlApplicationContext]Refreshing org.springframework.context.support.ClassPathXmlApplicationContext@7cdbc5d3: startup date [Thu Nov 01 12:53:09 CST 2018]; root of context hierarchy
[INFO] [2018-11-01 12:53:09][org.springframework.beans.factory.xml.XmlBeanDefinitionReader]Loading XML bean definitions from class path resource [src/main/resources/spring-mybaits.xml]
[INFO] [2018-11-01 12:53:41][org.springframework.context.support.ClassPathXmlApplicationContext]Refreshing org.springframework.context.support.ClassPathXmlApplicationContext@7cdbc5d3: startup date [Thu Nov 01 12:53:41 CST 2018]; root of context hierarchy
[INFO] [2018-11-01 12:53:41][org.springframework.beans.factory.xml.XmlBeanDefinitionReader]Loading XML bean definitions from class path resource [main/resources/spring-mybaits.xml]
[INFO] [2018-11-01 12:53:57][org.springframework.context.support.ClassPathXmlApplicationContext]Refreshing org.springframework.context.support.ClassPathXmlApplicationContext@7cdbc5d3: startup date [Thu Nov 01 12:53:57 CST 2018]; root of context hierarchy
[INFO] [2018-11-01 12:53:57][org.springframework.beans.factory.xml.XmlBeanDefinitionReader]Loading XML bean definitions from class path resource [resources/spring-mybaits.xml]
[INFO] [2018-11-01 12:56:46][org.springframework.context.support.ClassPathXmlApplicationContext]Refreshing org.springframework.context.support.ClassPathXmlApplicationContext@7cdbc5d3: startup date [Thu Nov 01 12:56:46 CST 2018]; root of context hierarchy
[INFO] [2018-11-01 12:56:46][org.springframework.beans.factory.xml.XmlBeanDefinitionReader]Loading XML bean definitions from class path resource [spring-mybaits.xml]
[INFO] [2018-11-01 12:56:47][org.springframework.beans.factory.config.PropertyPlaceholderConfigurer]Loading properties file from class path resource [jdbc.properties]
[INFO] [2018-11-01 12:56:47][org.springframework.beans.factory.annotation.AutowiredAnnotationBeanPostProcessor]JSR-330 'javax.inject.Inject' annotation found and supported for autowiring
[INFO] [2018-11-01 13:04:57][org.springframework.context.support.ClassPathXmlApplicationContext]Refreshing org.springframework.context.support.ClassPathXmlApplicationContext@17d99928: startup date [Thu Nov 01 13:04:57 CST 2018]; root of context hierarchy
[INFO] [2018-11-01 13:04:58][org.springframework.beans.factory.xml.XmlBeanDefinitionReader]Loading XML bean definitions from class path resource [spring-mybaits.xml]
[INFO] [2018-11-01 13:04:58][org.springframework.beans.factory.config.PropertyPlaceholderConfigurer]Loading properties file from class path resource [jdbc.properties]
[INFO] [2018-11-01 13:04:58][org.springframework.beans.factory.annotation.AutowiredAnnotationBeanPostProcessor]JSR-330 'javax.inject.Inject' annotation found and supported for autowiring
[INFO] [2018-11-01 13:07:28][org.springframework.context.support.ClassPathXmlApplicationContext]Refreshing org.springframework.context.support.ClassPathXmlApplicationContext@17d99928: startup date [Thu Nov 01 13:07:28 CST 2018]; root of context hierarchy
[INFO] [2018-11-01 13:07:28][org.springframework.beans.factory.xml.XmlBeanDefinitionReader]Loading XML bean definitions from class path resource [spring-mybaits.xml]
[INFO] [2018-11-01 13:07:28][org.springframework.beans.factory.config.PropertyPlaceholderConfigurer]Loading properties file from class path resource [jdbc.properties]
[INFO] [2018-11-01 13:07:28][org.springframework.beans.factory.annotation.AutowiredAnnotationBeanPostProcessor]JSR-330 'javax.inject.Inject' annotation found and supported for autowiring
